C:\USERS\TAMIR\DOCUMENTS\VISUAL STUDIO 2012\PROJECTS\CLASSEXAMPLE2\CLASSEXAMPLE2\DEBUG\MAIN.OBJ
C:\USERS\TAMIR\DOCUMENTS\VISUAL STUDIO 2012\PROJECTS\CLASSEXAMPLE2\CLASSEXAMPLE2\DEBUG\VC110.PDB
C:\USERS\TAMIR\DOCUMENTS\VISUAL STUDIO 2012\PROJECTS\CLASSEXAMPLE2\DEBUG\CLASSEXAMPLE2.ILK
C:\USERS\TAMIR\DOCUMENTS\VISUAL STUDIO 2012\PROJECTS\CLASSEXAMPLE2\DEBUG\CLASSEXAMPLE2.EXE
C:\USERS\TAMIR\DOCUMENTS\VISUAL STUDIO 2012\PROJECTS\CLASSEXAMPLE2\DEBUG\CLASSEXAMPLE2.PDB
C:\Users\tamir\Documents\Visual Studio 2012\Projects\ClassExample2\ClassExample2\Debug\ClassExample2.vcxprojResolveAssemblyReference.cache
C:\Users\tamir\Documents\Visual Studio 2012\Projects\ClassExample2\ClassExample2\Debug\main.obj
C:\Users\tamir\Documents\Visual Studio 2012\Projects\ClassExample2\ClassExample2\Debug\cl.command.1.tlog
C:\Users\tamir\Documents\Visual Studio 2012\Projects\ClassExample2\ClassExample2\Debug\CL.read.1.tlog
C:\Users\tamir\Documents\Visual Studio 2012\Projects\ClassExample2\ClassExample2\Debug\CL.write.1.tlog
C:\Users\tamir\Documents\Visual Studio 2012\Projects\ClassExample2\ClassExample2\Debug\link-cvtres.read.1.tlog
C:\Users\tamir\Documents\Visual Studio 2012\Projects\ClassExample2\ClassExample2\Debug\link-cvtres.write.1.tlog
C:\Users\tamir\Documents\Visual Studio 2012\Projects\ClassExample2\ClassExample2\Debug\link-rc.read.1.tlog
C:\Users\tamir\Documents\Visual Studio 2012\Projects\ClassExample2\ClassExample2\Debug\link-rc.write.1.tlog
C:\Users\tamir\Documents\Visual Studio 2012\Projects\ClassExample2\ClassExample2\Debug\link.11240-cvtres.read.1.tlog
C:\Users\tamir\Documents\Visual Studio 2012\Projects\ClassExample2\ClassExample2\Debug\link.11240-cvtres.write.1.tlog
C:\Users\tamir\Documents\Visual Studio 2012\Projects\ClassExample2\ClassExample2\Debug\link.11240-rc.read.1.tlog
C:\Users\tamir\Documents\Visual Studio 2012\Projects\ClassExample2\ClassExample2\Debug\link.11240-rc.write.1.tlog
C:\Users\tamir\Documents\Visual Studio 2012\Projects\ClassExample2\ClassExample2\Debug\link.11240.read.1.tlog
C:\Users\tamir\Documents\Visual Studio 2012\Projects\ClassExample2\ClassExample2\Debug\link.11240.write.1.tlog
C:\Users\tamir\Documents\Visual Studio 2012\Projects\ClassExample2\ClassExample2\Debug\link.11512-cvtres.read.1.tlog
C:\Users\tamir\Documents\Visual Studio 2012\Projects\ClassExample2\ClassExample2\Debug\link.11512-cvtres.write.1.tlog
C:\Users\tamir\Documents\Visual Studio 2012\Projects\ClassExample2\ClassExample2\Debug\link.11512-rc.read.1.tlog
C:\Users\tamir\Documents\Visual Studio 2012\Projects\ClassExample2\ClassExample2\Debug\link.11512-rc.write.1.tlog
C:\Users\tamir\Documents\Visual Studio 2012\Projects\ClassExample2\ClassExample2\Debug\link.11512.read.1.tlog
C:\Users\tamir\Documents\Visual Studio 2012\Projects\ClassExample2\ClassExample2\Debug\link.11512.write.1.tlog
C:\Users\tamir\Documents\Visual Studio 2012\Projects\ClassExample2\ClassExample2\Debug\link.11600-cvtres.read.1.tlog
C:\Users\tamir\Documents\Visual Studio 2012\Projects\ClassExample2\ClassExample2\Debug\link.11600-cvtres.write.1.tlog
C:\Users\tamir\Documents\Visual Studio 2012\Projects\ClassExample2\ClassExample2\Debug\link.11600-rc.read.1.tlog
C:\Users\tamir\Documents\Visual Studio 2012\Projects\ClassExample2\ClassExample2\Debug\link.11600-rc.write.1.tlog
C:\Users\tamir\Documents\Visual Studio 2012\Projects\ClassExample2\ClassExample2\Debug\link.11600.read.1.tlog
C:\Users\tamir\Documents\Visual Studio 2012\Projects\ClassExample2\ClassExample2\Debug\link.11600.write.1.tlog
C:\Users\tamir\Documents\Visual Studio 2012\Projects\ClassExample2\ClassExample2\Debug\link.11660-cvtres.read.1.tlog
C:\Users\tamir\Documents\Visual Studio 2012\Projects\ClassExample2\ClassExample2\Debug\link.11660-cvtres.write.1.tlog
C:\Users\tamir\Documents\Visual Studio 2012\Projects\ClassExample2\ClassExample2\Debug\link.11660-rc.read.1.tlog
C:\Users\tamir\Documents\Visual Studio 2012\Projects\ClassExample2\ClassExample2\Debug\link.11660-rc.write.1.tlog
C:\Users\tamir\Documents\Visual Studio 2012\Projects\ClassExample2\ClassExample2\Debug\link.11660.read.1.tlog
C:\Users\tamir\Documents\Visual Studio 2012\Projects\ClassExample2\ClassExample2\Debug\link.11660.write.1.tlog
C:\Users\tamir\Documents\Visual Studio 2012\Projects\ClassExample2\ClassExample2\Debug\link.12500-cvtres.read.1.tlog
C:\Users\tamir\Documents\Visual Studio 2012\Projects\ClassExample2\ClassExample2\Debug\link.12500-cvtres.write.1.tlog
C:\Users\tamir\Documents\Visual Studio 2012\Projects\ClassExample2\ClassExample2\Debug\link.12500-rc.read.1.tlog
C:\Users\tamir\Documents\Visual Studio 2012\Projects\ClassExample2\ClassExample2\Debug\link.12500-rc.write.1.tlog
C:\Users\tamir\Documents\Visual Studio 2012\Projects\ClassExample2\ClassExample2\Debug\link.12500.read.1.tlog
C:\Users\tamir\Documents\Visual Studio 2012\Projects\ClassExample2\ClassExample2\Debug\link.12500.write.1.tlog
C:\Users\tamir\Documents\Visual Studio 2012\Projects\ClassExample2\ClassExample2\Debug\link.13420-cvtres.read.1.tlog
C:\Users\tamir\Documents\Visual Studio 2012\Projects\ClassExample2\ClassExample2\Debug\link.13420-cvtres.write.1.tlog
C:\Users\tamir\Documents\Visual Studio 2012\Projects\ClassExample2\ClassExample2\Debug\link.13420-rc.read.1.tlog
C:\Users\tamir\Documents\Visual Studio 2012\Projects\ClassExample2\ClassExample2\Debug\link.13420-rc.write.1.tlog
C:\Users\tamir\Documents\Visual Studio 2012\Projects\ClassExample2\ClassExample2\Debug\link.13420.read.1.tlog
C:\Users\tamir\Documents\Visual Studio 2012\Projects\ClassExample2\ClassExample2\Debug\link.13420.write.1.tlog
C:\Users\tamir\Documents\Visual Studio 2012\Projects\ClassExample2\ClassExample2\Debug\link.1372-cvtres.read.1.tlog
C:\Users\tamir\Documents\Visual Studio 2012\Projects\ClassExample2\ClassExample2\Debug\link.1372-cvtres.write.1.tlog
C:\Users\tamir\Documents\Visual Studio 2012\Projects\ClassExample2\ClassExample2\Debug\link.1372-rc.read.1.tlog
C:\Users\tamir\Documents\Visual Studio 2012\Projects\ClassExample2\ClassExample2\Debug\link.1372-rc.write.1.tlog
C:\Users\tamir\Documents\Visual Studio 2012\Projects\ClassExample2\ClassExample2\Debug\link.1372.read.1.tlog
C:\Users\tamir\Documents\Visual Studio 2012\Projects\ClassExample2\ClassExample2\Debug\link.1372.write.1.tlog
C:\Users\tamir\Documents\Visual Studio 2012\Projects\ClassExample2\ClassExample2\Debug\link.13896-cvtres.read.1.tlog
C:\Users\tamir\Documents\Visual Studio 2012\Projects\ClassExample2\ClassExample2\Debug\link.13896-cvtres.write.1.tlog
C:\Users\tamir\Documents\Visual Studio 2012\Projects\ClassExample2\ClassExample2\Debug\link.13896-rc.read.1.tlog
C:\Users\tamir\Documents\Visual Studio 2012\Projects\ClassExample2\ClassExample2\Debug\link.13896-rc.write.1.tlog
C:\Users\tamir\Documents\Visual Studio 2012\Projects\ClassExample2\ClassExample2\Debug\link.13896.read.1.tlog
C:\Users\tamir\Documents\Visual Studio 2012\Projects\ClassExample2\ClassExample2\Debug\link.13896.write.1.tlog
C:\Users\tamir\Documents\Visual Studio 2012\Projects\ClassExample2\ClassExample2\Debug\link.15632-cvtres.read.1.tlog
C:\Users\tamir\Documents\Visual Studio 2012\Projects\ClassExample2\ClassExample2\Debug\link.15632-cvtres.write.1.tlog
C:\Users\tamir\Documents\Visual Studio 2012\Projects\ClassExample2\ClassExample2\Debug\link.15632-rc.read.1.tlog
C:\Users\tamir\Documents\Visual Studio 2012\Projects\ClassExample2\ClassExample2\Debug\link.15632-rc.write.1.tlog
C:\Users\tamir\Documents\Visual Studio 2012\Projects\ClassExample2\ClassExample2\Debug\link.15632.read.1.tlog
C:\Users\tamir\Documents\Visual Studio 2012\Projects\ClassExample2\ClassExample2\Debug\link.15632.write.1.tlog
C:\Users\tamir\Documents\Visual Studio 2012\Projects\ClassExample2\ClassExample2\Debug\link.15900-cvtres.read.1.tlog
C:\Users\tamir\Documents\Visual Studio 2012\Projects\ClassExample2\ClassExample2\Debug\link.15900-cvtres.write.1.tlog
C:\Users\tamir\Documents\Visual Studio 2012\Projects\ClassExample2\ClassExample2\Debug\link.15900-rc.read.1.tlog
C:\Users\tamir\Documents\Visual Studio 2012\Projects\ClassExample2\ClassExample2\Debug\link.15900-rc.write.1.tlog
C:\Users\tamir\Documents\Visual Studio 2012\Projects\ClassExample2\ClassExample2\Debug\link.15900.read.1.tlog
C:\Users\tamir\Documents\Visual Studio 2012\Projects\ClassExample2\ClassExample2\Debug\link.15900.write.1.tlog
C:\Users\tamir\Documents\Visual Studio 2012\Projects\ClassExample2\ClassExample2\Debug\link.15932-cvtres.read.1.tlog
C:\Users\tamir\Documents\Visual Studio 2012\Projects\ClassExample2\ClassExample2\Debug\link.15932-cvtres.write.1.tlog
C:\Users\tamir\Documents\Visual Studio 2012\Projects\ClassExample2\ClassExample2\Debug\link.15932-rc.read.1.tlog
C:\Users\tamir\Documents\Visual Studio 2012\Projects\ClassExample2\ClassExample2\Debug\link.15932-rc.write.1.tlog
C:\Users\tamir\Documents\Visual Studio 2012\Projects\ClassExample2\ClassExample2\Debug\link.15932.read.1.tlog
C:\Users\tamir\Documents\Visual Studio 2012\Projects\ClassExample2\ClassExample2\Debug\link.15932.write.1.tlog
C:\Users\tamir\Documents\Visual Studio 2012\Projects\ClassExample2\ClassExample2\Debug\link.15988-cvtres.read.1.tlog
C:\Users\tamir\Documents\Visual Studio 2012\Projects\ClassExample2\ClassExample2\Debug\link.15988-cvtres.write.1.tlog
C:\Users\tamir\Documents\Visual Studio 2012\Projects\ClassExample2\ClassExample2\Debug\link.15988-rc.read.1.tlog
C:\Users\tamir\Documents\Visual Studio 2012\Projects\ClassExample2\ClassExample2\Debug\link.15988-rc.write.1.tlog
C:\Users\tamir\Documents\Visual Studio 2012\Projects\ClassExample2\ClassExample2\Debug\link.15988.read.1.tlog
C:\Users\tamir\Documents\Visual Studio 2012\Projects\ClassExample2\ClassExample2\Debug\link.15988.write.1.tlog
C:\Users\tamir\Documents\Visual Studio 2012\Projects\ClassExample2\ClassExample2\Debug\link.16564-cvtres.read.1.tlog
C:\Users\tamir\Documents\Visual Studio 2012\Projects\ClassExample2\ClassExample2\Debug\link.16564-cvtres.write.1.tlog
C:\Users\tamir\Documents\Visual Studio 2012\Projects\ClassExample2\ClassExample2\Debug\link.16564-rc.read.1.tlog
C:\Users\tamir\Documents\Visual Studio 2012\Projects\ClassExample2\ClassExample2\Debug\link.16564-rc.write.1.tlog
C:\Users\tamir\Documents\Visual Studio 2012\Projects\ClassExample2\ClassExample2\Debug\link.16564.read.1.tlog
C:\Users\tamir\Documents\Visual Studio 2012\Projects\ClassExample2\ClassExample2\Debug\link.16564.write.1.tlog
C:\Users\tamir\Documents\Visual Studio 2012\Projects\ClassExample2\ClassExample2\Debug\link.17800-cvtres.read.1.tlog
C:\Users\tamir\Documents\Visual Studio 2012\Projects\ClassExample2\ClassExample2\Debug\link.17800-cvtres.write.1.tlog
C:\Users\tamir\Documents\Visual Studio 2012\Projects\ClassExample2\ClassExample2\Debug\link.17800-rc.read.1.tlog
C:\Users\tamir\Documents\Visual Studio 2012\Projects\ClassExample2\ClassExample2\Debug\link.17800-rc.write.1.tlog
C:\Users\tamir\Documents\Visual Studio 2012\Projects\ClassExample2\ClassExample2\Debug\link.17800.read.1.tlog
C:\Users\tamir\Documents\Visual Studio 2012\Projects\ClassExample2\ClassExample2\Debug\link.17800.write.1.tlog
C:\Users\tamir\Documents\Visual Studio 2012\Projects\ClassExample2\ClassExample2\Debug\link.180-cvtres.read.1.tlog
C:\Users\tamir\Documents\Visual Studio 2012\Projects\ClassExample2\ClassExample2\Debug\link.180-cvtres.write.1.tlog
C:\Users\tamir\Documents\Visual Studio 2012\Projects\ClassExample2\ClassExample2\Debug\link.180-rc.read.1.tlog
C:\Users\tamir\Documents\Visual Studio 2012\Projects\ClassExample2\ClassExample2\Debug\link.180-rc.write.1.tlog
C:\Users\tamir\Documents\Visual Studio 2012\Projects\ClassExample2\ClassExample2\Debug\link.180.read.1.tlog
C:\Users\tamir\Documents\Visual Studio 2012\Projects\ClassExample2\ClassExample2\Debug\link.180.write.1.tlog
C:\Users\tamir\Documents\Visual Studio 2012\Projects\ClassExample2\ClassExample2\Debug\link.18104-cvtres.read.1.tlog
C:\Users\tamir\Documents\Visual Studio 2012\Projects\ClassExample2\ClassExample2\Debug\link.18104-cvtres.write.1.tlog
C:\Users\tamir\Documents\Visual Studio 2012\Projects\ClassExample2\ClassExample2\Debug\link.18104-rc.read.1.tlog
C:\Users\tamir\Documents\Visual Studio 2012\Projects\ClassExample2\ClassExample2\Debug\link.18104-rc.write.1.tlog
C:\Users\tamir\Documents\Visual Studio 2012\Projects\ClassExample2\ClassExample2\Debug\link.18104.read.1.tlog
C:\Users\tamir\Documents\Visual Studio 2012\Projects\ClassExample2\ClassExample2\Debug\link.18104.write.1.tlog
C:\Users\tamir\Documents\Visual Studio 2012\Projects\ClassExample2\ClassExample2\Debug\link.18500-cvtres.read.1.tlog
C:\Users\tamir\Documents\Visual Studio 2012\Projects\ClassExample2\ClassExample2\Debug\link.18500-cvtres.write.1.tlog
C:\Users\tamir\Documents\Visual Studio 2012\Projects\ClassExample2\ClassExample2\Debug\link.18500-rc.read.1.tlog
C:\Users\tamir\Documents\Visual Studio 2012\Projects\ClassExample2\ClassExample2\Debug\link.18500-rc.write.1.tlog
C:\Users\tamir\Documents\Visual Studio 2012\Projects\ClassExample2\ClassExample2\Debug\link.18500.read.1.tlog
C:\Users\tamir\Documents\Visual Studio 2012\Projects\ClassExample2\ClassExample2\Debug\link.18500.write.1.tlog
C:\Users\tamir\Documents\Visual Studio 2012\Projects\ClassExample2\ClassExample2\Debug\link.18768-cvtres.read.1.tlog
C:\Users\tamir\Documents\Visual Studio 2012\Projects\ClassExample2\ClassExample2\Debug\link.18768-cvtres.write.1.tlog
C:\Users\tamir\Documents\Visual Studio 2012\Projects\ClassExample2\ClassExample2\Debug\link.18768-rc.read.1.tlog
C:\Users\tamir\Documents\Visual Studio 2012\Projects\ClassExample2\ClassExample2\Debug\link.18768-rc.write.1.tlog
C:\Users\tamir\Documents\Visual Studio 2012\Projects\ClassExample2\ClassExample2\Debug\link.18768.read.1.tlog
C:\Users\tamir\Documents\Visual Studio 2012\Projects\ClassExample2\ClassExample2\Debug\link.18768.write.1.tlog
C:\Users\tamir\Documents\Visual Studio 2012\Projects\ClassExample2\ClassExample2\Debug\link.18924-cvtres.read.1.tlog
C:\Users\tamir\Documents\Visual Studio 2012\Projects\ClassExample2\ClassExample2\Debug\link.18924-cvtres.write.1.tlog
C:\Users\tamir\Documents\Visual Studio 2012\Projects\ClassExample2\ClassExample2\Debug\link.18924-rc.read.1.tlog
C:\Users\tamir\Documents\Visual Studio 2012\Projects\ClassExample2\ClassExample2\Debug\link.18924-rc.write.1.tlog
C:\Users\tamir\Documents\Visual Studio 2012\Projects\ClassExample2\ClassExample2\Debug\link.18924.read.1.tlog
C:\Users\tamir\Documents\Visual Studio 2012\Projects\ClassExample2\ClassExample2\Debug\link.18924.write.1.tlog
C:\Users\tamir\Documents\Visual Studio 2012\Projects\ClassExample2\ClassExample2\Debug\link.1904-cvtres.read.1.tlog
C:\Users\tamir\Documents\Visual Studio 2012\Projects\ClassExample2\ClassExample2\Debug\link.1904-cvtres.write.1.tlog
C:\Users\tamir\Documents\Visual Studio 2012\Projects\ClassExample2\ClassExample2\Debug\link.1904-rc.read.1.tlog
C:\Users\tamir\Documents\Visual Studio 2012\Projects\ClassExample2\ClassExample2\Debug\link.1904-rc.write.1.tlog
C:\Users\tamir\Documents\Visual Studio 2012\Projects\ClassExample2\ClassExample2\Debug\link.1904.read.1.tlog
C:\Users\tamir\Documents\Visual Studio 2012\Projects\ClassExample2\ClassExample2\Debug\link.1904.write.1.tlog
C:\Users\tamir\Documents\Visual Studio 2012\Projects\ClassExample2\ClassExample2\Debug\link.2020-cvtres.read.1.tlog
C:\Users\tamir\Documents\Visual Studio 2012\Projects\ClassExample2\ClassExample2\Debug\link.2020-cvtres.write.1.tlog
C:\Users\tamir\Documents\Visual Studio 2012\Projects\ClassExample2\ClassExample2\Debug\link.2020-rc.read.1.tlog
C:\Users\tamir\Documents\Visual Studio 2012\Projects\ClassExample2\ClassExample2\Debug\link.2020-rc.write.1.tlog
C:\Users\tamir\Documents\Visual Studio 2012\Projects\ClassExample2\ClassExample2\Debug\link.2020.read.1.tlog
C:\Users\tamir\Documents\Visual Studio 2012\Projects\ClassExample2\ClassExample2\Debug\link.2020.write.1.tlog
C:\Users\tamir\Documents\Visual Studio 2012\Projects\ClassExample2\ClassExample2\Debug\link.2280-cvtres.read.1.tlog
C:\Users\tamir\Documents\Visual Studio 2012\Projects\ClassExample2\ClassExample2\Debug\link.2280-cvtres.write.1.tlog
C:\Users\tamir\Documents\Visual Studio 2012\Projects\ClassExample2\ClassExample2\Debug\link.2280-rc.read.1.tlog
C:\Users\tamir\Documents\Visual Studio 2012\Projects\ClassExample2\ClassExample2\Debug\link.2280-rc.write.1.tlog
C:\Users\tamir\Documents\Visual Studio 2012\Projects\ClassExample2\ClassExample2\Debug\link.2280.read.1.tlog
C:\Users\tamir\Documents\Visual Studio 2012\Projects\ClassExample2\ClassExample2\Debug\link.2280.write.1.tlog
C:\Users\tamir\Documents\Visual Studio 2012\Projects\ClassExample2\ClassExample2\Debug\link.2640-cvtres.read.1.tlog
C:\Users\tamir\Documents\Visual Studio 2012\Projects\ClassExample2\ClassExample2\Debug\link.2640-cvtres.write.1.tlog
C:\Users\tamir\Documents\Visual Studio 2012\Projects\ClassExample2\ClassExample2\Debug\link.2640-rc.read.1.tlog
C:\Users\tamir\Documents\Visual Studio 2012\Projects\ClassExample2\ClassExample2\Debug\link.2640-rc.write.1.tlog
C:\Users\tamir\Documents\Visual Studio 2012\Projects\ClassExample2\ClassExample2\Debug\link.2640.read.1.tlog
C:\Users\tamir\Documents\Visual Studio 2012\Projects\ClassExample2\ClassExample2\Debug\link.2640.write.1.tlog
C:\Users\tamir\Documents\Visual Studio 2012\Projects\ClassExample2\ClassExample2\Debug\link.3676-cvtres.read.1.tlog
C:\Users\tamir\Documents\Visual Studio 2012\Projects\ClassExample2\ClassExample2\Debug\link.3676-cvtres.write.1.tlog
C:\Users\tamir\Documents\Visual Studio 2012\Projects\ClassExample2\ClassExample2\Debug\link.3676-rc.read.1.tlog
C:\Users\tamir\Documents\Visual Studio 2012\Projects\ClassExample2\ClassExample2\Debug\link.3676-rc.write.1.tlog
C:\Users\tamir\Documents\Visual Studio 2012\Projects\ClassExample2\ClassExample2\Debug\link.3676.read.1.tlog
C:\Users\tamir\Documents\Visual Studio 2012\Projects\ClassExample2\ClassExample2\Debug\link.3676.write.1.tlog
C:\Users\tamir\Documents\Visual Studio 2012\Projects\ClassExample2\ClassExample2\Debug\link.3892-cvtres.read.1.tlog
C:\Users\tamir\Documents\Visual Studio 2012\Projects\ClassExample2\ClassExample2\Debug\link.3892-cvtres.write.1.tlog
C:\Users\tamir\Documents\Visual Studio 2012\Projects\ClassExample2\ClassExample2\Debug\link.3892-rc.read.1.tlog
C:\Users\tamir\Documents\Visual Studio 2012\Projects\ClassExample2\ClassExample2\Debug\link.3892-rc.write.1.tlog
C:\Users\tamir\Documents\Visual Studio 2012\Projects\ClassExample2\ClassExample2\Debug\link.3892.read.1.tlog
C:\Users\tamir\Documents\Visual Studio 2012\Projects\ClassExample2\ClassExample2\Debug\link.3892.write.1.tlog
C:\Users\tamir\Documents\Visual Studio 2012\Projects\ClassExample2\ClassExample2\Debug\link.4484-cvtres.read.1.tlog
C:\Users\tamir\Documents\Visual Studio 2012\Projects\ClassExample2\ClassExample2\Debug\link.4484-cvtres.write.1.tlog
C:\Users\tamir\Documents\Visual Studio 2012\Projects\ClassExample2\ClassExample2\Debug\link.4484-rc.read.1.tlog
C:\Users\tamir\Documents\Visual Studio 2012\Projects\ClassExample2\ClassExample2\Debug\link.4484-rc.write.1.tlog
C:\Users\tamir\Documents\Visual Studio 2012\Projects\ClassExample2\ClassExample2\Debug\link.4484.read.1.tlog
C:\Users\tamir\Documents\Visual Studio 2012\Projects\ClassExample2\ClassExample2\Debug\link.4484.write.1.tlog
C:\Users\tamir\Documents\Visual Studio 2012\Projects\ClassExample2\ClassExample2\Debug\link.6500-cvtres.read.1.tlog
C:\Users\tamir\Documents\Visual Studio 2012\Projects\ClassExample2\ClassExample2\Debug\link.6500-cvtres.write.1.tlog
C:\Users\tamir\Documents\Visual Studio 2012\Projects\ClassExample2\ClassExample2\Debug\link.6500-rc.read.1.tlog
C:\Users\tamir\Documents\Visual Studio 2012\Projects\ClassExample2\ClassExample2\Debug\link.6500-rc.write.1.tlog
C:\Users\tamir\Documents\Visual Studio 2012\Projects\ClassExample2\ClassExample2\Debug\link.6500.read.1.tlog
C:\Users\tamir\Documents\Visual Studio 2012\Projects\ClassExample2\ClassExample2\Debug\link.6500.write.1.tlog
C:\Users\tamir\Documents\Visual Studio 2012\Projects\ClassExample2\ClassExample2\Debug\link.6984-cvtres.read.1.tlog
C:\Users\tamir\Documents\Visual Studio 2012\Projects\ClassExample2\ClassExample2\Debug\link.6984-cvtres.write.1.tlog
C:\Users\tamir\Documents\Visual Studio 2012\Projects\ClassExample2\ClassExample2\Debug\link.6984-rc.read.1.tlog
C:\Users\tamir\Documents\Visual Studio 2012\Projects\ClassExample2\ClassExample2\Debug\link.6984-rc.write.1.tlog
C:\Users\tamir\Documents\Visual Studio 2012\Projects\ClassExample2\ClassExample2\Debug\link.6984.read.1.tlog
C:\Users\tamir\Documents\Visual Studio 2012\Projects\ClassExample2\ClassExample2\Debug\link.6984.write.1.tlog
C:\Users\tamir\Documents\Visual Studio 2012\Projects\ClassExample2\ClassExample2\Debug\link.7100-cvtres.read.1.tlog
C:\Users\tamir\Documents\Visual Studio 2012\Projects\ClassExample2\ClassExample2\Debug\link.7100-cvtres.write.1.tlog
C:\Users\tamir\Documents\Visual Studio 2012\Projects\ClassExample2\ClassExample2\Debug\link.7100-rc.read.1.tlog
C:\Users\tamir\Documents\Visual Studio 2012\Projects\ClassExample2\ClassExample2\Debug\link.7100-rc.write.1.tlog
C:\Users\tamir\Documents\Visual Studio 2012\Projects\ClassExample2\ClassExample2\Debug\link.7100.read.1.tlog
C:\Users\tamir\Documents\Visual Studio 2012\Projects\ClassExample2\ClassExample2\Debug\link.7100.write.1.tlog
C:\Users\tamir\Documents\Visual Studio 2012\Projects\ClassExample2\ClassExample2\Debug\link.7200-cvtres.read.1.tlog
C:\Users\tamir\Documents\Visual Studio 2012\Projects\ClassExample2\ClassExample2\Debug\link.7200-cvtres.write.1.tlog
C:\Users\tamir\Documents\Visual Studio 2012\Projects\ClassExample2\ClassExample2\Debug\link.7200-rc.read.1.tlog
C:\Users\tamir\Documents\Visual Studio 2012\Projects\ClassExample2\ClassExample2\Debug\link.7200-rc.write.1.tlog
C:\Users\tamir\Documents\Visual Studio 2012\Projects\ClassExample2\ClassExample2\Debug\link.7200.read.1.tlog
C:\Users\tamir\Documents\Visual Studio 2012\Projects\ClassExample2\ClassExample2\Debug\link.7200.write.1.tlog
C:\Users\tamir\Documents\Visual Studio 2012\Projects\ClassExample2\ClassExample2\Debug\link.7380-cvtres.read.1.tlog
C:\Users\tamir\Documents\Visual Studio 2012\Projects\ClassExample2\ClassExample2\Debug\link.7380-cvtres.write.1.tlog
C:\Users\tamir\Documents\Visual Studio 2012\Projects\ClassExample2\ClassExample2\Debug\link.7380-rc.read.1.tlog
C:\Users\tamir\Documents\Visual Studio 2012\Projects\ClassExample2\ClassExample2\Debug\link.7380-rc.write.1.tlog
C:\Users\tamir\Documents\Visual Studio 2012\Projects\ClassExample2\ClassExample2\Debug\link.7380.read.1.tlog
C:\Users\tamir\Documents\Visual Studio 2012\Projects\ClassExample2\ClassExample2\Debug\link.7380.write.1.tlog
C:\Users\tamir\Documents\Visual Studio 2012\Projects\ClassExample2\ClassExample2\Debug\link.7400-cvtres.read.1.tlog
C:\Users\tamir\Documents\Visual Studio 2012\Projects\ClassExample2\ClassExample2\Debug\link.7400-cvtres.write.1.tlog
C:\Users\tamir\Documents\Visual Studio 2012\Projects\ClassExample2\ClassExample2\Debug\link.7400-rc.read.1.tlog
C:\Users\tamir\Documents\Visual Studio 2012\Projects\ClassExample2\ClassExample2\Debug\link.7400-rc.write.1.tlog
C:\Users\tamir\Documents\Visual Studio 2012\Projects\ClassExample2\ClassExample2\Debug\link.7400.read.1.tlog
C:\Users\tamir\Documents\Visual Studio 2012\Projects\ClassExample2\ClassExample2\Debug\link.7400.write.1.tlog
C:\Users\tamir\Documents\Visual Studio 2012\Projects\ClassExample2\ClassExample2\Debug\link.7700-cvtres.read.1.tlog
C:\Users\tamir\Documents\Visual Studio 2012\Projects\ClassExample2\ClassExample2\Debug\link.7700-cvtres.write.1.tlog
C:\Users\tamir\Documents\Visual Studio 2012\Projects\ClassExample2\ClassExample2\Debug\link.7700-rc.read.1.tlog
C:\Users\tamir\Documents\Visual Studio 2012\Projects\ClassExample2\ClassExample2\Debug\link.7700-rc.write.1.tlog
C:\Users\tamir\Documents\Visual Studio 2012\Projects\ClassExample2\ClassExample2\Debug\link.7700.read.1.tlog
C:\Users\tamir\Documents\Visual Studio 2012\Projects\ClassExample2\ClassExample2\Debug\link.7700.write.1.tlog
C:\Users\tamir\Documents\Visual Studio 2012\Projects\ClassExample2\ClassExample2\Debug\link.7836-cvtres.read.1.tlog
C:\Users\tamir\Documents\Visual Studio 2012\Projects\ClassExample2\ClassExample2\Debug\link.7836-cvtres.write.1.tlog
C:\Users\tamir\Documents\Visual Studio 2012\Projects\ClassExample2\ClassExample2\Debug\link.7836-rc.read.1.tlog
C:\Users\tamir\Documents\Visual Studio 2012\Projects\ClassExample2\ClassExample2\Debug\link.7836-rc.write.1.tlog
C:\Users\tamir\Documents\Visual Studio 2012\Projects\ClassExample2\ClassExample2\Debug\link.7836.read.1.tlog
C:\Users\tamir\Documents\Visual Studio 2012\Projects\ClassExample2\ClassExample2\Debug\link.7836.write.1.tlog
C:\Users\tamir\Documents\Visual Studio 2012\Projects\ClassExample2\ClassExample2\Debug\link.7992-cvtres.read.1.tlog
C:\Users\tamir\Documents\Visual Studio 2012\Projects\ClassExample2\ClassExample2\Debug\link.7992-cvtres.write.1.tlog
C:\Users\tamir\Documents\Visual Studio 2012\Projects\ClassExample2\ClassExample2\Debug\link.7992-rc.read.1.tlog
C:\Users\tamir\Documents\Visual Studio 2012\Projects\ClassExample2\ClassExample2\Debug\link.7992-rc.write.1.tlog
C:\Users\tamir\Documents\Visual Studio 2012\Projects\ClassExample2\ClassExample2\Debug\link.7992.read.1.tlog
C:\Users\tamir\Documents\Visual Studio 2012\Projects\ClassExample2\ClassExample2\Debug\link.7992.write.1.tlog
C:\Users\tamir\Documents\Visual Studio 2012\Projects\ClassExample2\ClassExample2\Debug\link.8040-cvtres.read.1.tlog
C:\Users\tamir\Documents\Visual Studio 2012\Projects\ClassExample2\ClassExample2\Debug\link.8040-cvtres.write.1.tlog
C:\Users\tamir\Documents\Visual Studio 2012\Projects\ClassExample2\ClassExample2\Debug\link.8040-rc.read.1.tlog
C:\Users\tamir\Documents\Visual Studio 2012\Projects\ClassExample2\ClassExample2\Debug\link.8040-rc.write.1.tlog
C:\Users\tamir\Documents\Visual Studio 2012\Projects\ClassExample2\ClassExample2\Debug\link.8040.read.1.tlog
C:\Users\tamir\Documents\Visual Studio 2012\Projects\ClassExample2\ClassExample2\Debug\link.8040.write.1.tlog
C:\Users\tamir\Documents\Visual Studio 2012\Projects\ClassExample2\ClassExample2\Debug\link.9484-cvtres.read.1.tlog
C:\Users\tamir\Documents\Visual Studio 2012\Projects\ClassExample2\ClassExample2\Debug\link.9484-cvtres.write.1.tlog
C:\Users\tamir\Documents\Visual Studio 2012\Projects\ClassExample2\ClassExample2\Debug\link.9484-rc.read.1.tlog
C:\Users\tamir\Documents\Visual Studio 2012\Projects\ClassExample2\ClassExample2\Debug\link.9484-rc.write.1.tlog
C:\Users\tamir\Documents\Visual Studio 2012\Projects\ClassExample2\ClassExample2\Debug\link.9484.read.1.tlog
C:\Users\tamir\Documents\Visual Studio 2012\Projects\ClassExample2\ClassExample2\Debug\link.9484.write.1.tlog
C:\Users\tamir\Documents\Visual Studio 2012\Projects\ClassExample2\ClassExample2\Debug\link.command.1.tlog
C:\Users\tamir\Documents\Visual Studio 2012\Projects\ClassExample2\ClassExample2\Debug\link.read.1.tlog
C:\Users\tamir\Documents\Visual Studio 2012\Projects\ClassExample2\ClassExample2\Debug\link.write.1.tlog
C:\Users\tamir\Documents\Visual Studio 2012\Projects\ClassExample2\ClassExample2\Debug\vc110.idb
C:\Users\tamir\Documents\Visual Studio 2012\Projects\ClassExample2\ClassExample2\Debug\vc110.pdb
C:\Users\tamir\Documents\Visual Studio 2012\Projects\ClassExample2\Debug\ClassExample2.pdb
C:\Users\tamir\Documents\Visual Studio 2012\Projects\ClassExample2\Debug\ClassExample2.exe
C:\Users\tamir\Documents\Visual Studio 2012\Projects\ClassExample2\Debug\ClassExample2.ilk
